============================= test session starts ==============================
platform darwin -- Python 3.12.2, pytest-7.4.4, pluggy-1.6.0 -- /opt/anaconda3/bin/python
cachedir: .pytest_cache
rootdir: /Users/nigelli/Desktop/Columbia MAFN/26Spring/MATH5320/Project/MATH5320
plugins: anyio-4.9.0, cov-7.1.0, xonsh-0.22.8
collecting ... collected 576 items

tests/test_backend.py::test_bs_call_price_positive PASSED                [  0%]
tests/test_backend.py::test_bs_put_call_parity PASSED                    [  0%]
tests/test_backend.py::test_bs_call_delta_between_0_and_1 PASSED         [  0%]
tests/test_backend.py::test_bs_put_delta_between_minus1_and_0 PASSED     [  0%]
tests/test_backend.py::test_portfolio_value_stocks_only PASSED           [  0%]
tests/test_backend.py::test_portfolio_exposure_stocks_only PASSED        [  1%]
tests/test_backend.py::test_option_delta_exposure_is_delta_dollar PASSED [  1%]
tests/test_backend.py::test_manual_parametric_mode_uses_manual_mean_cov PASSED [  1%]
tests/test_backend.py::test_mc_manual_mode_uses_manual_mean_cov PASSED   [  1%]
tests/test_backend.py::test_historical_option_vol_shock_changes_result PASSED [  1%]
tests/test_backend.py::test_log_returns_shape PASSED                     [  1%]
tests/test_backend.py::test_overlapping_horizon_returns PASSED           [  2%]
tests/test_backend.py::test_window_estimator_shape PASSED                [  2%]
tests/test_backend.py::test_ewma_estimator_shape PASSED                  [  2%]
tests/test_backend.py::test_ewma_cov_positive_definite PASSED            [  2%]
tests/test_backend.py::test_historical_var_es_positive PASSED            [  2%]
tests/test_backend.py::test_historical_var_es_with_option PASSED         [  2%]
tests/test_backend.py::test_parametric_var_es_positive PASSED            [  3%]
tests/test_backend.py::test_parametric_es_greater_than_var PASSED        [  3%]
tests/test_backend.py::test_mc_var_es_positive PASSED                    [  3%]
tests/test_backend.py::test_kupiec_perfect_model PASSED                  [  3%]
tests/test_backend.py::test_kupiec_bad_model PASSED                      [  3%]
tests/test_backend.py::test_service_run_all PASSED                       [  3%]
tests/test_backend.py::test_run_backtest_historical_with_sample_prices PASSED [  4%]
tests/test_backend.py::test_run_backtest_parametric_with_sample_prices PASSED [  4%]
tests/test_backend.py::test_run_backtest_empty_when_lookback_too_large PASSED [  4%]
tests/test_backend.py::test_service_run_all_with_options PASSED          [  4%]
tests/test_backend.py::test_ewma_short_N_edge_case PASSED                [  4%]
tests/test_backend.py::test_expired_option_intrinsic_value PASSED        [  5%]
tests/test_backtest_extensions.py::TestChristofersenTest::test_all_zeros_no_exceptions PASSED [  5%]
tests/test_backtest_extensions.py::TestChristofersenTest::test_all_ones_all_exceptions PASSED [  5%]
tests/test_backtest_extensions.py::TestChristofersenTest::test_alternating_exceptions_low_clustering PASSED [  5%]
tests/test_backtest_extensions.py::TestChristofersenTest::test_clustered_exceptions_lr_ind_positive PASSED [  5%]
tests/test_backtest_extensions.py::TestChristofersenTest::test_too_short_returns_nans PASSED [  5%]
tests/test_backtest_extensions.py::TestChristofersenTest::test_empty_returns_nans PASSED [  6%]
tests/test_backtest_extensions.py::TestChristofersenTest::test_iid_exceptions_at_1pct_in_long_series PASSED [  6%]
tests/test_backtest_extensions.py::TestConditionalCoverageTest::test_merges_kupiec_and_christoffersen_keys PASSED [  6%]
tests/test_backtest_extensions.py::TestConditionalCoverageTest::test_lr_cc_equals_lr_uc_plus_lr_ind PASSED [  6%]
tests/test_backtest_extensions.py::TestConditionalCoverageTest::test_well_calibrated_does_not_reject_cc PASSED [  6%]
tests/test_backtest_extensions.py::TestConditionalCoverageTest::test_zero_observations_returns_nans PASSED [  6%]
tests/test_backtest_extensions.py::TestBaselTrafficLight::test_zone_and_multiplier[0-GREEN-3.0] PASSED [  7%]
tests/test_backtest_extensions.py::TestBaselTrafficLight::test_zone_and_multiplier[1-GREEN-3.0] PASSED [  7%]
tests/test_backtest_extensions.py::TestBaselTrafficLight::test_zone_and_multiplier[4-GREEN-3.0] PASSED [  7%]
tests/test_backtest_extensions.py::TestBaselTrafficLight::test_zone_and_multiplier[5-YELLOW-3.4] PASSED [  7%]
tests/test_backtest_extensions.py::TestBaselTrafficLight::test_zone_and_multiplier[6-YELLOW-3.5] PASSED [  7%]
tests/test_backtest_extensions.py::TestBaselTrafficLight::test_zone_and_multiplier[7-YELLOW-3.65] PASSED [  7%]
tests/test_backtest_extensions.py::TestBaselTrafficLight::test_zone_and_multiplier[8-YELLOW-3.75] PASSED [  8%]
tests/test_backtest_extensions.py::TestBaselTrafficLight::test_zone_and_multiplier[9-YELLOW-3.85] PASSED [  8%]
tests/test_backtest_extensions.py::TestBaselTrafficLight::test_zone_and_multiplier[10-RED-4.0] PASSED [  8%]
tests/test_backtest_extensions.py::TestBaselTrafficLight::test_zone_and_multiplier[15-RED-4.0] PASSED [  8%]
tests/test_backtest_extensions.py::TestBaselTrafficLight::test_zone_and_multiplier[50-RED-4.0] PASSED [  8%]
tests/test_backtest_extensions.py::TestBaselTrafficLight::test_description_non_empty PASSED [  9%]
tests/test_backtest_extensions.py::TestBaselTrafficLight::test_negative_exceptions_raises PASSED [  9%]
tests/test_backtest_extensions.py::TestBaselTrafficLight::test_green_boundary PASSED [  9%]
tests/test_backtest_extensions.py::TestBaselTrafficLight::test_red_boundary PASSED [  9%]
tests/test_backtest_extensions.py::TestExceptionSeverity::test_no_exceptions PASSED [  9%]
tests/test_backtest_extensions.py::TestExceptionSeverity::test_basic_exception_stats PASSED [  9%]
tests/test_backtest_extensions.py::TestExceptionSeverity::test_mean_loss_given_exception_equals_average_exception_loss PASSED [ 10%]
tests/test_backtest_extensions.py::TestExceptionSeverity::test_empty_dataframe PASSED [ 10%]
tests/test_backtest_extensions.py::TestExceptionSeverity::test_all_exceptions PASSED [ 10%]
tests/test_balance_sheet.py::TestBalanceSheetEquity::test_basic PASSED   [ 10%]
tests/test_balance_sheet.py::TestBalanceSheetEquity::test_zero_liabilities PASSED [ 10%]
tests/test_balance_sheet.py::TestBalanceSheetEquity::test_zero_assets PASSED [ 10%]
tests/test_balance_sheet.py::TestBalanceSheetEquity::test_insolvent_entity_returns_negative PASSED [ 11%]
tests/test_balance_sheet.py::TestBalanceSheetEquity::test_negative_assets_raises PASSED [ 11%]
tests/test_balance_sheet.py::TestBalanceSheetEquity::test_negative_liabilities_raises PASSED [ 11%]
tests/test_balance_sheet.py::TestBalanceSheetAfterAssetLoss::test_solvent_after_loss PASSED [ 11%]
tests/test_balance_sheet.py::TestBalanceSheetAfterAssetLoss::test_exactly_insolvent PASSED [ 11%]
tests/test_balance_sheet.py::TestBalanceSheetAfterAssetLoss::test_insolvent_after_large_loss PASSED [ 11%]
tests/test_balance_sheet.py::TestBalanceSheetAfterAssetLoss::test_zero_loss PASSED [ 12%]
tests/test_balance_sheet.py::TestBalanceSheetAfterAssetLoss::test_liabilities_unchanged PASSED [ 12%]
tests/test_balance_sheet.py::TestBalanceSheetAfterAssetLoss::test_negative_assets_raises PASSED [ 12%]
tests/test_balance_sheet.py::TestBalanceSheetAfterAssetLoss::test_negative_liabilities_raises PASSED [ 12%]
tests/test_balance_sheet.py::TestBalanceSheetAfterAssetLoss::test_negative_loss_raises PASSED [ 12%]
tests/test_balance_sheet.py::TestLeverageRatio::test_typical PASSED      [ 13%]
tests/test_balance_sheet.py::TestLeverageRatio::test_fully_equity_financed PASSED [ 13%]
tests/test_balance_sheet.py::TestLeverageRatio::test_small_equity PASSED [ 13%]
tests/test_balance_sheet.py::TestLeverageRatio::test_zero_assets_raises PASSED [ 13%]
tests/test_balance_sheet.py::TestLeverageRatio::test_negative_assets_raises PASSED [ 13%]
tests/test_balance_sheet.py::TestLeverageRatio::test_negative_equity_allowed PASSED [ 13%]
tests/test_charts.py::test_loss_histogram_returns_figure PASSED          [ 14%]
tests/test_charts.py::test_correlation_heatmap_returns_figure PASSED     [ 14%]
tests/test_charts.py::test_backtest_chart_with_exceptions PASSED         [ 14%]
tests/test_charts.py::test_backtest_chart_without_exceptions PASSED      [ 14%]
tests/test_charts.py::test_var_comparison_bar PASSED                     [ 14%]
tests/test_charts.py::test_price_history_chart PASSED                    [ 14%]
tests/test_config_and_validation.py::TestConfig::test_defaults_loaded PASSED [ 15%]
tests/test_config_and_validation.py::TestValidatePrices::test_empty_returns_error PASSED [ 15%]
tests/test_config_and_validation.py::TestValidatePrices::test_none_returns_error PASSED [ 15%]
tests/test_config_and_validation.py::TestValidatePrices::test_non_datetime_index PASSED [ 15%]
tests/test_config_and_validation.py::TestValidatePrices::test_column_all_nan PASSED [ 15%]
tests/test_config_and_validation.py::TestValidatePrices::test_non_positive_prices PASSED [ 15%]
tests/test_config_and_validation.py::TestValidatePrices::test_good_frame_no_errors PASSED [ 16%]
tests/test_config_and_validation.py::TestValidatePortfolioTickers::test_all_present PASSED [ 16%]
tests/test_config_and_validation.py::TestValidatePortfolioTickers::test_missing_stock_ticker PASSED [ 16%]
tests/test_config_and_validation.py::TestValidatePortfolioTickers::test_missing_option_underlying PASSED [ 16%]
tests/test_counterparty_mitigation.py::TestNetting::test_gross_positive PASSED [ 16%]
tests/test_counterparty_mitigation.py::TestNetting::test_netted PASSED   [ 17%]
tests/test_counterparty_mitigation.py::TestNetting::test_benefit PASSED  [ 17%]
tests/test_counterparty_mitigation.py::TestNetting::test_all_negative_gross_zero PASSED [ 17%]
tests/test_counterparty_mitigation.py::TestNetting::test_large_benefit PASSED [ 17%]
tests/test_counterparty_mitigation.py::TestNetting::test_netting_never_increases_exposure PASSED [ 17%]
tests/test_counterparty_mitigation.py::TestNettingByCounterparty::test_multi_counterparty PASSED [ 17%]
tests/test_counterparty_mitigation.py::TestNettingByCounterparty::test_mismatched_lengths_raises PASSED [ 18%]
tests/test_counterparty_mitigation.py::TestNettingByCounterparty::test_nan_raises PASSED [ 18%]
tests/test_counterparty_mitigation.py::TestCollateral::test_simple PASSED [ 18%]
tests/test_counterparty_mitigation.py::TestCollateral::test_overcollateralized PASSED [ 18%]
tests/test_counterparty_mitigation.py::TestCollateral::test_csa_call_triggered PASSED [ 18%]
tests/test_counterparty_mitigation.py::TestCollateral::test_csa_call_not_triggered PASSED [ 18%]
tests/test_counterparty_mitigation.py::TestCollateral::test_csa_residual_when_call_triggered PASSED [ 19%]
tests/test_counterparty_mitigation.py::TestCollateral::test_csa_residual_when_no_call PASSED [ 19%]
tests/test_counterparty_mitigation.py::TestCollateral::test_gap_risk_residual PASSED [ 19%]
tests/test_counterparty_mitigation.py::TestCCP::test_ccp_cleared PASSED  [ 19%]
tests/test_counterparty_mitigation.py::TestCCP::test_default_waterfall PASSED [ 19%]
tests/test_counterparty_mitigation.py::TestCCP::test_fully_covered_waterfall PASSED [ 19%]
tests/test_counterparty_mitigation.py::TestMitigatedCVA::test_mitigated_less_than_unmitigated PASSED [ 20%]
tests/test_counterparty_mitigation.py::TestMitigatedCVA::test_acceptance PASSED [ 20%]
tests/test_course_validation.py::TestLN01_CanonicalSymmetric::test_long_var_99 PASSED [ 20%]
tests/test_course_validation.py::TestLN01_CanonicalSymmetric::test_short_var_99 PASSED [ 20%]
tests/test_course_validation.py::TestLN01_CanonicalSymmetric::test_long_es_975 PASSED [ 20%]
tests/test_course_validation.py::TestLN01_CanonicalSymmetric::test_short_es_975 PASSED [ 21%]
tests/test_course_validation.py::TestLN02_HomeworkIV::test_long_var_99 PASSED [ 21%]
tests/test_course_validation.py::TestLN02_HomeworkIV::test_short_var_99 PASSED [ 21%]
tests/test_course_validation.py::TestLN02_HomeworkIV::test_long_es_975 PASSED [ 21%]
tests/test_course_validation.py::TestLN02_HomeworkIV::test_short_es_975 PASSED [ 21%]
tests/test_course_validation.py::TestLN03_ZeroVolatility::test_zero_sigma_raises PASSED [ 21%]
tests/test_course_validation.py::TestLN03_ZeroVolatility::test_zero_sigma_limit_gives_zero PASSED [ 22%]
tests/test_course_validation.py::TestLN04_ZeroHorizon::test_zero_h_raises PASSED [ 22%]
tests/test_course_validation.py::TestLN04_ZeroHorizon::test_small_h_limit_gives_zero PASSED [ 22%]
tests/test_course_validation.py::TestHZ01_ConstantHazard::test_survival_5 PASSED [ 22%]
tests/test_course_validation.py::TestHZ01_ConstantHazard::test_pd_by_5 PASSED [ 22%]
tests/test_course_validation.py::TestHZ01_ConstantHazard::test_pd_between_3_4 PASSED [ 22%]
tests/test_course_validation.py::TestHZ02_PiecewiseHazard::test_survival_and_spread_at[0.5-0.9950124791926823-69.94746502850414] PASSED [ 23%]
tests/test_course_validation.py::TestHZ02_PiecewiseHazard::test_survival_and_spread_at[1.0-0.9900498337491681-69.8948602285632] PASSED [ 23%]
tests/test_course_validation.py::TestHZ02_PiecewiseHazard::test_survival_and_spread_at[1.5-0.9846195067517329-72.16481165343407] PASSED [ 23%]
tests/test_course_validation.py::TestHZ02_PiecewiseHazard::test_survival_and_spread_at[2.0-0.9792189645694596-73.26782896394924] PASSED [ 23%]
tests/test_course_validation.py::TestHZ02_PiecewiseHazard::test_survival_and_spread_at[3.0-0.967538559589032-76.61718207203431] PASSED [ 23%]
tests/test_course_validation.py::TestHZ02_PiecewiseHazard::test_survival_and_spread_at[5.0-0.9445940693665233-79.11257390608436] PASSED [ 23%]
tests/test_course_validation.py::TestHZ02_PiecewiseHazard::test_survival_and_spread_at[7.0-0.922193691444608-80.00536638034185] PASSED [ 24%]
tests/test_course_validation.py::TestHZ02_PiecewiseHazard::test_survival_and_spread_at[10.0-0.8895851931634113-80.44068203924294] PASSED [ 24%]
tests/test_course_validation.py::TestHZ03_KnotContinuity::test_continuity_at_t1 PASSED [ 24%]
tests/test_course_validation.py::TestHZ03_KnotContinuity::test_continuity_at_t2 PASSED [ 24%]
tests/test_course_validation.py::TestHZ04_RiskyZCB::test_risky_zcb_price PASSED [ 24%]
tests/test_course_validation.py::TestHZ04_RiskyZCB::test_credit_spread PASSED [ 25%]
tests/test_course_validation.py::TestMR01_HomeworkVII_QvsP::test_d2_Q PASSED [ 25%]
tests/test_course_validation.py::TestMR01_HomeworkVII_QvsP::test_pd_Q PASSED [ 25%]
tests/test_course_validation.py::TestMR01_HomeworkVII_QvsP::test_d2_P PASSED [ 25%]
tests/test_course_validation.py::TestMR01_HomeworkVII_QvsP::test_pd_P PASSED [ 25%]
tests/test_course_validation.py::TestMR01_HomeworkVII_QvsP::test_p_larger_than_q_when_mu_lt_r PASSED [ 25%]
tests/test_course_validation.py::TestMR02_TargetSurvivalInversion::test_B_star PASSED [ 26%]
tests/test_course_validation.py::TestMR02_TargetSurvivalInversion::test_recovered_survival PASSED [ 26%]
tests/test_course_validation.py::TestMR02_TargetSurvivalInversion::test_d1_d2 PASSED [ 26%]
tests/test_course_validation.py::TestMR02_TargetSurvivalInversion::test_debt_plus_equity_equals_assets PASSED [ 26%]
tests/test_course_validation.py::TestCDS01_FlatApprox::test_spread PASSED [ 26%]
tests/test_course_validation.py::TestCDS01_FlatApprox::test_spread_bp PASSED [ 26%]
tests/test_course_validation.py::TestCDS02_FullAnnualPaymentParSpread::test_T5_spread_bp PASSED [ 27%]
tests/test_course_validation.py::TestCDS02_FullAnnualPaymentParSpread::test_T10_spread_bp PASSED [ 27%]
tests/test_course_validation.py::TestCDS02_FullAnnualPaymentParSpread::test_flat_curve_property PASSED [ 27%]
tests/test_course_validation.py::TestCDS03_ZeroHazard::test_zero_hazard PASSED [ 27%]
tests/test_course_validation.py::TestCDS04_FullRecovery::test_full_recovery PASSED [ 27%]
tests/test_course_validation.py::TestCVA01_ConstantExposure::test_cva PASSED [ 27%]
tests/test_course_validation.py::TestCVA02_RiskyCouponBond::test_risky_price PASSED [ 28%]
tests/test_course_validation.py::TestCVA02_RiskyCouponBond::test_credit_adjustment_positive PASSED [ 28%]
tests/test_course_validation.py::TestCVA03_EPEMixedSigns::test_epe PASSED [ 28%]
tests/test_course_validation.py::TestCVA04_EPEAllNegative::test_epe_zero PASSED [ 28%]
tests/test_course_validation.py::TestCVA05_BucketedCVA::test_marginal_default_probs PASSED [ 28%]
tests/test_course_validation.py::TestCVA05_BucketedCVA::test_discrete_cva PASSED [ 28%]
tests/test_course_validation.py::TestREG01_RWAAndCapitalRatio::test_rwa PASSED [ 29%]
tests/test_course_validation.py::TestREG01_RWAAndCapitalRatio::test_capital_ratio PASSED [ 29%]
tests/test_course_validation.py::TestREG01_RWAAndCapitalRatio::test_leverage_ratio PASSED [ 29%]
tests/test_course_validation.py::TestREG02_FailingBank::test_capital_ratio_fails PASSED [ 29%]
tests/test_course_validation.py::TestREG02_FailingBank::test_leverage_ratio_fails PASSED [ 29%]
tests/test_course_validation.py::TestACC01_DatasetRegression::test_placeholder PASSED [ 30%]
tests/test_course_validation.py::TestACC02_ParametricOutputs::test_placeholder PASSED [ 30%]
tests/test_course_validation.py::TestMonotonicityInMerton::test_survival_decreases_in_B PASSED [ 30%]
tests/test_course_validation.py::TestMonotonicityInMerton::test_equity_decreases_in_B PASSED [ 30%]
tests/test_course_validation.py::TestMonotonicityInMerton::test_debt_increases_in_B PASSED [ 30%]
tests/test_course_validation.py::TestLongShortAsymmetry::test_short_exceeds_long_same_inputs PASSED [ 30%]
tests/test_course_validation.py::TestCDSSanity::test_approx_close_to_full PASSED [ 31%]
tests/test_course_validation.py::TestCVASignDiscipline::test_monotone_in_R PASSED [ 31%]
tests/test_course_validation.py::TestCVASignDiscipline::test_zero_when_LGD_zero PASSED [ 31%]
tests/test_course_validation.py::TestCVASignDiscipline::test_zero_when_all_exposures_zero PASSED [ 31%]
tests/test_course_validation.py::TestRegulatoryArithmetic::test_weight_affects_capital_ratio PASSED [ 31%]
tests/test_course_validation.py::TestRegulatoryArithmetic::test_zero_weight_still_in_leverage PASSED [ 31%]
tests/test_coverage_gaps.py::TestBSValidation::test_T_zero_raises PASSED [ 32%]
tests/test_coverage_gaps.py::TestBSValidation::test_sigma_zero_raises PASSED [ 32%]
tests/test_coverage_gaps.py::TestBSValidation::test_S_zero_raises PASSED [ 32%]
tests/test_coverage_gaps.py::TestBSValidation::test_bs_price_unknown_type_raises PASSED [ 32%]
tests/test_coverage_gaps.py::TestBSValidation::test_bs_delta_unknown_type_raises PASSED [ 32%]
tests/test_coverage_gaps.py::TestPortfolioDedup::test_portfolio_exposure_option_already_seen PASSED [ 32%]
tests/test_coverage_gaps.py::TestPositionsEdgeCases::test_expired_put_intrinsic PASSED [ 33%]
tests/test_coverage_gaps.py::TestPositionsEdgeCases::test_expired_option_delta_exposure_is_zero PASSED [ 33%]
tests/test_coverage_gaps.py::TestReturns::test_overlapping_horizon_bad_horizon_raises PASSED [ 33%]
tests/test_coverage_gaps.py::TestEstimatorsDispatch::test_get_mean_cov_ewma_path PASSED [ 33%]
tests/test_coverage_gaps.py::TestEstimatorsDispatch::test_get_mean_cov_window_default PASSED [ 33%]
tests/test_coverage_gaps.py::TestBacktestGaps::test_forecast_var_unknown_model_raises PASSED [ 34%]
tests/test_coverage_gaps.py::TestBacktestGaps::test_run_backtest_monte_carlo PASSED [ 34%]
tests/test_coverage_gaps.py::TestBacktestGaps::test_run_backtest_swallows_forecast_errors PASSED [ 34%]
tests/test_coverage_gaps.py::TestBacktestGaps::test_kupiec_zero_observations PASSED [ 34%]
tests/test_coverage_gaps.py::TestMonteCarloGaps::test_mc_without_seed PASSED [ 34%]
tests/test_coverage_gaps.py::TestManualMeanCovValidation::test_manual_mean_cov_missing_underlying_raises PASSED [ 34%]
tests/test_coverage_gaps.py::TestManualMeanCovValidation::test_manual_mean_cov_non_psd_raises PASSED [ 35%]
tests/test_coverage_gaps.py::TestManualMeanCovValidation::test_mc_with_option_dedup PASSED [ 35%]
tests/test_coverage_gaps.py::TestHistoricalGaps::test_historical_with_duplicate_underlying PASSED [ 35%]
tests/test_coverage_gaps.py::TestOptionOnNewUnderlying::test_portfolio_exposure PASSED [ 35%]
tests/test_coverage_gaps.py::TestOptionOnNewUnderlying::test_historical_on_new_underlying PASSED [ 35%]
tests/test_coverage_gaps.py::TestOptionOnNewUnderlying::test_mc_on_new_underlying PASSED [ 35%]
tests/test_coverage_gaps.py::TestFetchRiskFreeRateColumnMissing::test_missing_column_triggers_fallback PASSED [ 36%]
tests/test_coverage_gaps.py::TestRiskEngineServiceGaps::test_service_portfolio_value PASSED [ 36%]
tests/test_coverage_gaps.py::TestRiskEngineServiceGaps::test_service_run_backtest_empty_window PASSED [ 36%]
tests/test_coverage_gaps.py::TestRiskEngineServiceGaps::test_service_run_backtest_has_kupiec PASSED [ 36%]
tests/test_credit.py::TestHazard::test_survival_zero_hazard_is_one PASSED [ 36%]
tests/test_credit.py::TestHazard::test_survival_decays PASSED            [ 36%]
tests/test_credit.py::TestHazard::test_survival_negative_t_raises PASSED [ 37%]
tests/test_credit.py::TestHazard::test_survival_negative_lambda_raises PASSED [ 37%]
tests/test_credit.py::TestHazard::test_default_density_matches_lambda_s PASSED [ 37%]
tests/test_credit.py::TestHazard::test_interval_default_prob PASSED      [ 37%]
tests/test_credit.py::TestHazard::test_interval_default_prob_reverse_raises PASSED [ 37%]
tests/test_credit.py::TestHazard::test_cumulative_default_prob PASSED    [ 38%]
tests/test_credit.py::TestHazard::test_survival_piecewise_interior PASSED [ 38%]
tests/test_credit.py::TestHazard::test_survival_piecewise_at_knot PASSED [ 38%]
tests/test_credit.py::TestHazard::test_survival_piecewise_beyond_last_knot_extrapolates PASSED [ 38%]
tests/test_credit.py::TestHazard::test_survival_piecewise_t_zero PASSED  [ 38%]
tests/test_credit.py::TestHazard::test_survival_piecewise_bad_grid_start_raises PASSED [ 38%]
tests/test_credit.py::TestHazard::test_survival_piecewise_non_monotonic_raises PASSED [ 39%]
tests/test_credit.py::TestHazard::test_survival_piecewise_bad_hazard_length_raises PASSED [ 39%]
tests/test_credit.py::TestHazard::test_survival_piecewise_negative_hazard_raises PASSED [ 39%]
tests/test_credit.py::TestHazard::test_survival_piecewise_negative_t_raises PASSED [ 39%]
tests/test_credit.py::TestHazard::test_risky_zcb_price PASSED            [ 39%]
tests/test_credit.py::TestHazard::test_risky_zcb_bad_LGD PASSED          [ 39%]
tests/test_credit.py::TestHazard::test_risky_zcb_bad_s_T PASSED          [ 40%]
tests/test_credit.py::TestHazard::test_risky_zcb_bad_T PASSED            [ 40%]
tests/test_credit.py::TestHazard::test_credit_spread PASSED              [ 40%]
tests/test_credit.py::TestHazard::test_credit_spread_bad_T PASSED        [ 40%]
tests/test_credit.py::TestHazard::test_credit_spread_bad_inside PASSED   [ 40%]
tests/test_credit.py::TestMerton::test_d1_d2_relationship PASSED         [ 40%]
tests/test_credit.py::TestMerton::test_pd_between_zero_and_one PASSED    [ 41%]
tests/test_credit.py::TestMerton::test_equity_debt_sum_to_V0 PASSED      [ 41%]
tests/test_credit.py::TestMerton::test_credit_spread_is_positive PASSED  [ 41%]
tests/test_credit.py::TestMerton::test_credit_spread_non_positive_debt_raises PASSED [ 41%]
tests/test_credit.py::TestMerton::test_implied_B_matches_target_survival PASSED [ 41%]
tests/test_credit.py::TestMerton::test_implied_B_bad_target_raises PASSED [ 42%]
tests/test_credit.py::TestMerton::test_validate_V0 PASSED                [ 42%]
tests/test_credit.py::TestMerton::test_validate_B PASSED                 [ 42%]
tests/test_credit.py::TestMerton::test_validate_sigma PASSED             [ 42%]
tests/test_credit.py::TestMerton::test_validate_T PASSED                 [ 42%]
tests/test_credit.py::TestCDS::test_const_hazard_approx_landmark PASSED  [ 42%]
tests/test_credit.py::TestCDS::test_const_hazard_negative_lambda_raises PASSED [ 43%]
tests/test_credit.py::TestCDS::test_const_hazard_bad_R PASSED            [ 43%]
tests/test_credit.py::TestCDS::test_cds_par_spread_positive PASSED       [ 43%]
tests/test_credit.py::TestCDS::test_cds_par_spread_no_accrual_is_smaller PASSED [ 43%]
tests/test_credit.py::TestCDS::test_cds_par_spread_bad_schedule_raises PASSED [ 43%]
tests/test_credit.py::TestCDS::test_cds_par_spread_bad_hazards_length PASSED [ 43%]
tests/test_credit.py::TestCDS::test_cds_par_spread_bad_R PASSED          [ 44%]
tests/test_credit.py::TestCDS::test_cds_par_spread_zero_hazard_raises PASSED [ 44%]
tests/test_credit.py::TestCDS::test_cds_par_spread_bad_denominator_raises PASSED [ 44%]
tests/test_credit.py::TestCDS::test_cds_spread_curve_shape PASSED        [ 44%]
tests/test_credit.py::TestCDS::test_cds_spread_curve_quarterly PASSED    [ 44%]
tests/test_credit.py::TestCVA::test_cva_discrete_basic PASSED            [ 44%]
tests/test_credit.py::TestCVA::test_cva_discrete_length_mismatch PASSED  [ 45%]
tests/test_credit.py::TestCVA::test_cva_discrete_negative_exposure PASSED [ 45%]
tests/test_credit.py::TestCVA::test_cva_discrete_bad_pd_negative PASSED  [ 45%]
tests/test_credit.py::TestCVA::test_cva_discrete_bad_pd_sum PASSED       [ 45%]
tests/test_credit.py::TestCVA::test_cva_discrete_bad_R PASSED            [ 45%]
tests/test_credit.py::TestCVA::test_risky_bond_price_reduces_with_hazard PASSED [ 46%]
tests/test_credit.py::TestCVA::test_risky_bond_price_bad_length PASSED   [ 46%]
tests/test_credit.py::TestCVA::test_risky_bond_price_non_monotonic PASSED [ 46%]
tests/test_credit.py::TestCVA::test_risky_bond_price_bad_s PASSED        [ 46%]
tests/test_credit.py::TestCVA::test_risky_bond_price_bad_R PASSED        [ 46%]
tests/test_credit.py::TestCVA::test_risky_bond_price_bad_freq PASSED     [ 46%]
tests/test_credit.py::TestCVA::test_epe_profile_1d PASSED                [ 47%]
tests/test_credit.py::TestCVA::test_epe_profile_2d PASSED                [ 47%]
tests/test_credit_service.py::TestReducedForm::test_reduced_form_summary_basic PASSED [ 47%]
tests/test_credit_service.py::TestReducedForm::test_reduced_form_summary_zero_horizon PASSED [ 47%]
tests/test_credit_service.py::TestReducedForm::test_interval_default_table PASSED [ 47%]
tests/test_credit_service.py::TestMertonService::test_merton_summary_contents PASSED [ 47%]
tests/test_credit_service.py::TestMertonService::test_merton_implied_B_wrapper PASSED [ 48%]
tests/test_credit_service.py::TestCDSService::test_cds_summary PASSED    [ 48%]
tests/test_credit_service.py::TestCDSService::test_cds_spread_for_schedule PASSED [ 48%]
tests/test_credit_service.py::TestCVAService::test_cva_summary_basic PASSED [ 48%]
tests/test_credit_service.py::TestCVAService::test_cva_summary_with_V0 PASSED [ 48%]
tests/test_credit_service.py::TestCVAService::test_cva_summary_ignores_nonpositive_V0 PASSED [ 48%]
tests/test_credit_service.py::TestCVAService::test_epe_from_portfolio_mc PASSED [ 49%]
tests/test_cva_mitigants.py::TestPositiveExposure::test_positive_only PASSED [ 49%]
tests/test_cva_mitigants.py::TestPositiveExposure::test_all_negative PASSED [ 49%]
tests/test_cva_mitigants.py::TestPositiveExposure::test_mixed PASSED     [ 49%]
tests/test_cva_mitigants.py::TestEPE::test_all_positive PASSED           [ 49%]
tests/test_cva_mitigants.py::TestEPE::test_mixed_signs PASSED            [ 50%]
tests/test_cva_mitigants.py::TestEPE::test_2d PASSED                     [ 50%]
tests/test_cva_mitigants.py::TestCVADiscounted::test_golden PASSED       [ 50%]
tests/test_cva_mitigants.py::TestCVADiscounted::test_linearity_in_exposure PASSED [ 50%]
tests/test_cva_mitigants.py::TestCVADiscounted::test_zero_recovery_greater_than_high_recovery PASSED [ 50%]
tests/test_cva_mitigants.py::TestCVADiscounted::test_mismatched_lengths_raises PASSED [ 50%]
tests/test_cva_mitigants.py::TestCVAContinuousConstantExposure::test_undiscounted PASSED [ 51%]
tests/test_cva_mitigants.py::TestCVAContinuousConstantExposure::test_discounted PASSED [ 51%]
tests/test_cva_mitigants.py::TestCVAContinuousConstantExposure::test_zero_hazard_is_zero PASSED [ 51%]
tests/test_cva_mitigants.py::TestCVAContinuousConstantExposure::test_negative_K_raises PASSED [ 51%]
tests/test_dfast_pathing.py::TestOneQuarter::test_capital_math PASSED    [ 51%]
tests/test_dfast_pathing.py::TestNineQuarterPath::test_failing_path PASSED [ 51%]
tests/test_dfast_pathing.py::TestNineQuarterPath::test_passing_path PASSED [ 52%]
tests/test_dfast_pathing.py::TestMinRatio::test_min_ratio PASSED         [ 52%]
tests/test_dfast_pathing.py::TestGlobalShocks::test_global_market_shock PASSED [ 52%]
tests/test_dfast_pathing.py::TestGlobalShocks::test_counterparty_default PASSED [ 52%]
tests/test_dfast_pathing.py::TestDFASTScenarios::test_three_scenarios_run PASSED [ 52%]
tests/test_dfast_pathing.py::TestDFASTScenarios::test_severely_adverse_worse_than_baseline PASSED [ 52%]
tests/test_dfast_pathing.py::TestValidation::test_negative_rwa_raises PASSED [ 53%]
tests/test_dfast_pathing.py::TestValidation::test_zero_rwa_raises PASSED [ 53%]
tests/test_dfast_pathing.py::TestValidation::test_rwa_goes_nonpositive_raises PASSED [ 53%]
tests/test_es_confidence_split.py::test_parametric_es_confidence_respected PASSED [ 53%]
tests/test_es_confidence_split.py::test_historical_es_confidence_respected PASSED [ 53%]
tests/test_es_confidence_split.py::test_mc_es_confidence_respected PASSED [ 53%]
tests/test_es_confidence_split.py::test_parametric_same_confidence_es_equals_baseline PASSED [ 54%]
tests/test_homework_cases.py::TestHW3_GBM_FormulaVaR::test_ev_sd_var[1d-0.003968253968253968-29004.60354-639.56912-1286.19686] PASSED [ 54%]
tests/test_homework_cases.py::TestHW3_GBM_FormulaVaR::test_ev_sd_var[5d-0.01984126984126984-29023.02501-1431.72431-2803.57329] PASSED [ 54%]
tests/test_homework_cases.py::TestHW3_GBM_FormulaVaR::test_ev_sd_var[1y-1.0-30183.51245-10896.1694-15164.55592] PASSED [ 54%]
tests/test_homework_cases.py::TestHW3_GBM_FormulaVaR::test_var_grows_with_horizon PASSED [ 54%]
tests/test_homework_cases.py::TestHW4_SingleStockParamVaR::test_V0 PASSED [ 55%]
tests/test_homework_cases.py::TestHW4_SingleStockParamVaR::test_sigma_annual PASSED [ 55%]
tests/test_homework_cases.py::TestHW4_SingleStockParamVaR::test_mu_annual PASSED [ 55%]
tests/test_homework_cases.py::TestHW4_SingleStockParamVaR::test_exponent PASSED [ 55%]
tests/test_homework_cases.py::TestHW4_SingleStockParamVaR::test_var_99_5day PASSED [ 55%]
tests/test_homework_cases.py::TestHW9_DiscreteCVA::test_risk_neutral_up_prob PASSED [ 55%]
tests/test_homework_cases.py::TestHW9_DiscreteCVA::test_risk_neutral_down_prob PASSED [ 56%]
tests/test_homework_cases.py::TestHW9_DiscreteCVA::test_risk_free_contract_value PASSED [ 56%]
tests/test_homework_cases.py::TestHW9_DiscreteCVA::test_positive_exposure_down PASSED [ 56%]
tests/test_homework_cases.py::TestHW9_DiscreteCVA::test_lgd_down_state PASSED [ 56%]
tests/test_homework_cases.py::TestHW9_DiscreteCVA::test_cva_via_discrete PASSED [ 56%]
tests/test_homework_cases.py::TestHW9_DiscreteCVA::test_cva_positive PASSED [ 56%]
tests/test_homework_cases.py::TestHW9_DiscreteCVA::test_risky_contract_value_negative PASSED [ 57%]
tests/test_homework_cases.py::TestHW10_RWA_Capital::test_total_assets PASSED [ 57%]
tests/test_homework_cases.py::TestHW10_RWA_Capital::test_capital PASSED  [ 57%]
tests/test_homework_cases.py::TestHW10_RWA_Capital::test_rwa PASSED      [ 57%]
tests/test_homework_cases.py::TestHW10_RWA_Capital::test_capital_ratio PASSED [ 57%]
tests/test_homework_cases.py::TestHW10_RWA_Capital::test_leverage_ratio PASSED [ 57%]
tests/test_homework_cases.py::TestLN_Monotonicity::test_var_increases_with_confidence PASSED [ 58%]
tests/test_homework_cases.py::TestLN_Monotonicity::test_var_increases_with_volatility PASSED [ 58%]
tests/test_homework_cases.py::TestLN_Monotonicity::test_known_var99_sigma20 PASSED [ 58%]
tests/test_homework_cases.py::TestLN_Monotonicity::test_specific_values[0.1-0.95-1516.4] PASSED [ 58%]
tests/test_homework_cases.py::TestLN_Monotonicity::test_specific_values[0.1-0.99-2075.1] PASSED [ 58%]
tests/test_homework_cases.py::TestLN_Monotonicity::test_specific_values[0.2-0.95-2802.4] PASSED [ 59%]
tests/test_homework_cases.py::TestLN_Monotonicity::test_specific_values[0.2-0.99-3720.3] PASSED [ 59%]
tests/test_homework_cases.py::TestHZ_EdgeZeroHazard::test_survival_is_one PASSED [ 59%]
tests/test_homework_cases.py::TestHZ_EdgeZeroHazard::test_cumulative_pd_is_zero PASSED [ 59%]
tests/test_homework_cases.py::TestHZ_EdgeZeroHazard::test_density_is_zero PASSED [ 59%]
tests/test_homework_cases.py::TestHZ_EdgeZeroHazard::test_risky_zcb_equals_riskfree PASSED [ 59%]
tests/test_homework_cases.py::TestHZ_EdgeZeroHazard::test_credit_spread_is_zero PASSED [ 60%]
tests/test_homework_cases.py::TestHZ_NegativeHazardReject::test_survival_rejects_negative_lambda PASSED [ 60%]
tests/test_homework_cases.py::TestHZ_NegativeHazardReject::test_default_density_rejects_negative_lambda PASSED [ 60%]
tests/test_homework_cases.py::TestHZ_NegativeHazardReject::test_interval_default_prob_rejects_negative_lambda PASSED [ 60%]
tests/test_homework_cases.py::TestMR_AtTheMoney::test_d2 PASSED          [ 60%]
tests/test_homework_cases.py::TestMR_AtTheMoney::test_d1 PASSED          [ 60%]
tests/test_homework_cases.py::TestMR_AtTheMoney::test_survival_Q PASSED  [ 61%]
tests/test_homework_cases.py::TestMR_AtTheMoney::test_default_Q PASSED   [ 61%]
tests/test_homework_cases.py::TestMR_AtTheMoney::test_equity PASSED      [ 61%]
tests/test_homework_cases.py::TestMR_AtTheMoney::test_debt PASSED        [ 61%]
tests/test_homework_cases.py::TestMR_AtTheMoney::test_balance_sheet_identity PASSED [ 61%]
tests/test_homework_cases.py::TestMR_InvalidSurvivalReject::test_survival_above_one_raises PASSED [ 61%]
tests/test_homework_cases.py::TestMR_InvalidSurvivalReject::test_survival_zero_raises PASSED [ 62%]
tests/test_homework_cases.py::TestMR_InvalidSurvivalReject::test_survival_one_raises PASSED [ 62%]
tests/test_homework_cases.py::TestCVA_FullRecovery::test_cva_zero_when_R_one PASSED [ 62%]
tests/test_homework_cases.py::TestCVA_FullRecovery::test_cva_approx_zero_when_R_one PASSED [ 62%]
tests/test_homework_cases.py::TestCVA_LinearityExposure::test_doubling_exposure_doubles_cva PASSED [ 62%]
tests/test_homework_cases.py::TestHW3_ScenarioVaR_ES::test_initial_value PASSED [ 63%]
tests/test_homework_cases.py::TestHW3_ScenarioVaR_ES::test_loss_scenario_10_is_largest PASSED [ 63%]
tests/test_homework_cases.py::TestHW3_ScenarioVaR_ES::test_loss_scenario_5_is_gain PASSED [ 63%]
tests/test_homework_cases.py::TestHW3_ScenarioVaR_ES::test_var_90 PASSED [ 63%]
tests/test_homework_cases.py::TestHW3_ScenarioVaR_ES::test_es_80 PASSED  [ 63%]
tests/test_homework_cases.py::TestHW4_TwoStockNormalVaR::test_initial_value PASSED [ 63%]
tests/test_homework_cases.py::TestHW4_TwoStockNormalVaR::test_expected_value PASSED [ 64%]
tests/test_homework_cases.py::TestHW4_TwoStockNormalVaR::test_second_moment PASSED [ 64%]
tests/test_homework_cases.py::TestHW4_TwoStockNormalVaR::test_variance_and_stdev PASSED [ 64%]
tests/test_homework_cases.py::TestHW4_TwoStockNormalVaR::test_var_99 PASSED [ 64%]
tests/test_homework_cases.py::TestHW5_Lambda20PctHeuristic::test_lambda[2-0.9968117641] PASSED [ 64%]
tests/test_homework_cases.py::TestHW5_Lambda20PctHeuristic::test_lambda[5-0.9987234838] PASSED [ 64%]
tests/test_homework_cases.py::TestHW5_Lambda20PctHeuristic::test_lambda[10-0.9993615381] PASSED [ 65%]
tests/test_homework_cases.py::TestHW5_Lambda20PctHeuristic::test_check_property[2] PASSED [ 65%]
tests/test_homework_cases.py::TestHW5_Lambda20PctHeuristic::test_check_property[5] PASSED [ 65%]
tests/test_homework_cases.py::TestHW5_Lambda20PctHeuristic::test_check_property[10] PASSED [ 65%]
tests/test_homework_cases.py::TestHW5_LambdaL2Equivalent::test_lambda_and_halflife[2-0.9972531953-252] PASSED [ 65%]
tests/test_homework_cases.py::TestHW5_LambdaL2Equivalent::test_lambda_and_halflife[5-0.9989003714-630] PASSED [ 65%]
tests/test_homework_cases.py::TestHW5_LambdaL2Equivalent::test_lambda_and_halflife[10-0.9994500345-1260] PASSED [ 66%]
tests/test_homework_cases.py::TestHW5_LambdaL2Equivalent::test_halflife_property[2] PASSED [ 66%]
tests/test_homework_cases.py::TestHW5_LambdaL2Equivalent::test_halflife_property[5] PASSED [ 66%]
tests/test_homework_cases.py::TestHW5_LambdaL2Equivalent::test_halflife_property[10] PASSED [ 66%]
tests/test_homework_cases.py::TestHW5_BS_DeltaFiniteDiff::test_d1_d2 PASSED [ 66%]
tests/test_homework_cases.py::TestHW5_BS_DeltaFiniteDiff::test_call_price PASSED [ 67%]
tests/test_homework_cases.py::TestHW5_BS_DeltaFiniteDiff::test_delta PASSED [ 67%]
tests/test_homework_cases.py::TestHW5_BS_DeltaFiniteDiff::test_delta_exceeds_half_for_atm PASSED [ 67%]
tests/test_homework_cases.py::TestHW3_IntelBSM_DeltaHedge::test_stock_value PASSED [ 67%]
tests/test_homework_cases.py::TestHW3_IntelBSM_DeltaHedge::test_call_price PASSED [ 67%]
tests/test_homework_cases.py::TestHW3_IntelBSM_DeltaHedge::test_call_delta PASSED [ 67%]
tests/test_homework_cases.py::TestHW3_IntelBSM_DeltaHedge::test_hedge_calls_to_write PASSED [ 68%]
tests/test_homework_cases.py::TestHW3_IntelBSM_DeltaHedge::test_shocked_call_price_up PASSED [ 68%]
tests/test_homework_cases.py::TestHW3_IntelBSM_DeltaHedge::test_shocked_call_price_down PASSED [ 68%]
tests/test_homework_cases.py::TestHW3_IntelBSM_DeltaHedge::test_hedged_portfolio_down_loss_less_than_unhedged PASSED [ 68%]
tests/test_lognormal.py::TestLognormalValues::test_var_long_positive PASSED [ 68%]
tests/test_lognormal.py::TestLognormalValues::test_var_short_positive PASSED [ 68%]
tests/test_lognormal.py::TestLognormalValues::test_es_ge_var_long PASSED [ 69%]
tests/test_lognormal.py::TestLognormalValues::test_es_ge_var_short PASSED [ 69%]
tests/test_lognormal.py::TestLognormalValues::test_short_var_greater_than_long_var PASSED [ 69%]
tests/test_lognormal.py::TestLognormalValues::test_higher_vol_increases_var PASSED [ 69%]
tests/test_lognormal.py::TestValidation::test_bad_V0[var_long_lognormal] PASSED [ 69%]
tests/test_lognormal.py::TestValidation::test_bad_V0[es_long_lognormal] PASSED [ 69%]
tests/test_lognormal.py::TestValidation::test_bad_V0[var_short_lognormal] PASSED [ 70%]
tests/test_lognormal.py::TestValidation::test_bad_V0[es_short_lognormal] PASSED [ 70%]
tests/test_lognormal.py::TestValidation::test_bad_sigma[var_long_lognormal] PASSED [ 70%]
tests/test_lognormal.py::TestValidation::test_bad_sigma[es_long_lognormal] PASSED [ 70%]
tests/test_lognormal.py::TestValidation::test_bad_sigma[var_short_lognormal] PASSED [ 70%]
tests/test_lognormal.py::TestValidation::test_bad_sigma[es_short_lognormal] PASSED [ 71%]
tests/test_lognormal.py::TestValidation::test_bad_h[var_long_lognormal] PASSED [ 71%]
tests/test_lognormal.py::TestValidation::test_bad_h[es_long_lognormal] PASSED [ 71%]
tests/test_lognormal.py::TestValidation::test_bad_h[var_short_lognormal] PASSED [ 71%]
tests/test_lognormal.py::TestValidation::test_bad_h[es_short_lognormal] PASSED [ 71%]
tests/test_lognormal.py::TestValidation::test_bad_p[0.0-var_long_lognormal] PASSED [ 71%]
tests/test_lognormal.py::TestValidation::test_bad_p[0.0-es_long_lognormal] PASSED [ 72%]
tests/test_lognormal.py::TestValidation::test_bad_p[0.0-var_short_lognormal] PASSED [ 72%]
tests/test_lognormal.py::TestValidation::test_bad_p[0.0-es_short_lognormal] PASSED [ 72%]
tests/test_lognormal.py::TestValidation::test_bad_p[1.0-var_long_lognormal] PASSED [ 72%]
tests/test_lognormal.py::TestValidation::test_bad_p[1.0-es_long_lognormal] PASSED [ 72%]
tests/test_lognormal.py::TestValidation::test_bad_p[1.0-var_short_lognormal] PASSED [ 72%]
tests/test_lognormal.py::TestValidation::test_bad_p[1.0-es_short_lognormal] PASSED [ 73%]
tests/test_lognormal.py::TestValidation::test_bad_p[-0.1-var_long_lognormal] PASSED [ 73%]
tests/test_lognormal.py::TestValidation::test_bad_p[-0.1-es_long_lognormal] PASSED [ 73%]
tests/test_lognormal.py::TestValidation::test_bad_p[-0.1-var_short_lognormal] PASSED [ 73%]
tests/test_lognormal.py::TestValidation::test_bad_p[-0.1-es_short_lognormal] PASSED [ 73%]
tests/test_lognormal.py::TestValidation::test_bad_p[1.5-var_long_lognormal] PASSED [ 73%]
tests/test_lognormal.py::TestValidation::test_bad_p[1.5-es_long_lognormal] PASSED [ 74%]
tests/test_lognormal.py::TestValidation::test_bad_p[1.5-var_short_lognormal] PASSED [ 74%]
tests/test_lognormal.py::TestValidation::test_bad_p[1.5-es_short_lognormal] PASSED [ 74%]
tests/test_market_data.py::TestLoadCSV::test_load_simple_csv PASSED      [ 74%]
tests/test_market_data.py::TestLoadCSV::test_load_csv_sorts_by_date PASSED [ 74%]
tests/test_market_data.py::TestLoadCSV::test_load_csv_all_nan_raises PASSED [ 75%]
tests/test_market_data.py::TestDownloadAdjustedClose::test_multi_ticker_success PASSED [ 75%]
tests/test_market_data.py::TestDownloadAdjustedClose::test_single_ticker_success PASSED [ 75%]
tests/test_market_data.py::TestDownloadAdjustedClose::test_empty_tickers_raises PASSED [ 75%]
tests/test_market_data.py::TestDownloadAdjustedClose::test_empty_response_raises PASSED [ 75%]
tests/test_market_data.py::TestDownloadAdjustedClose::test_none_response_raises PASSED [ 75%]
tests/test_market_data.py::TestDownloadAdjustedClose::test_multi_missing_close_level PASSED [ 76%]
tests/test_market_data.py::TestDownloadAdjustedClose::test_single_missing_close_column PASSED [ 76%]
tests/test_market_data.py::TestDownloadAdjustedClose::test_all_nan_close_raises PASSED [ 76%]
tests/test_market_data.py::TestDownloadAdjustedClose::test_missing_ticker_warning_logged PASSED [ 76%]
tests/test_market_data.py::TestCachedDownloader::test_cache_hit PASSED   [ 76%]
tests/test_market_data.py::TestCachedDownloader::test_cache_miss_writes_cache PASSED [ 76%]
tests/test_market_data.py::TestCachedDownloader::test_use_cache_false_bypasses_existing PASSED [ 77%]
tests/test_market_data.py::TestCachedDownloader::test_empty_tickers_raises PASSED [ 77%]
tests/test_market_data.py::TestCachedDownloader::test_corrupt_cache_falls_through PASSED [ 77%]
tests/test_market_data.py::TestCachedDownloader::test_retry_then_per_ticker_fallback PASSED [ 77%]
tests/test_market_data.py::TestCachedDownloader::test_all_fail_raises PASSED [ 77%]
tests/test_market_data.py::TestCachedDownloader::test_cache_write_failure_swallowed PASSED [ 77%]
tests/test_market_data.py::TestFetchRiskFreeRate::test_success PASSED    [ 78%]
tests/test_market_data.py::TestFetchRiskFreeRate::test_fallback_on_empty PASSED [ 78%]
tests/test_market_data.py::TestFetchRiskFreeRate::test_fallback_out_of_range PASSED [ 78%]
tests/test_market_data.py::test_benchmark_tickers_present PASSED         [ 78%]
tests/test_merton_timing.py::TestMertonSurvivalStep::test_before_maturity_is_one PASSED [ 78%]
tests/test_merton_timing.py::TestMertonSurvivalStep::test_at_maturity_returns_one_minus_pd PASSED [ 78%]
tests/test_merton_timing.py::TestMertonSurvivalStep::test_after_maturity_returns_one_minus_pd PASSED [ 79%]
tests/test_merton_timing.py::TestMertonSurvivalStep::test_zero_pd_always_one PASSED [ 79%]
tests/test_merton_timing.py::TestMertonSurvivalStep::test_pd_one_returns_zero_at_or_after_T PASSED [ 79%]
tests/test_merton_timing.py::TestMertonSurvivalStep::test_just_before_maturity_is_one PASSED [ 79%]
tests/test_merton_timing.py::TestMertonSurvivalStep::test_u_zero_is_one PASSED [ 79%]
tests/test_merton_timing.py::TestMertonSurvivalStep::test_negative_u_raises PASSED [ 80%]
tests/test_merton_timing.py::TestMertonSurvivalStep::test_nonpositive_T_raises PASSED [ 80%]
tests/test_merton_timing.py::TestMertonSurvivalStep::test_pd_out_of_range_raises PASSED [ 80%]
tests/test_merton_timing.py::TestMertonIntervalDefaultProb::test_interval_straddles_T_returns_pd PASSED [ 80%]
tests/test_merton_timing.py::TestMertonIntervalDefaultProb::test_interval_includes_T_exactly_at_t2 PASSED [ 80%]
tests/test_merton_timing.py::TestMertonIntervalDefaultProb::test_interval_before_T_returns_zero PASSED [ 80%]
tests/test_merton_timing.py::TestMertonIntervalDefaultProb::test_interval_after_T_returns_zero PASSED [ 81%]
tests/test_merton_timing.py::TestMertonIntervalDefaultProb::test_t1_equals_T_returns_zero PASSED [ 81%]
tests/test_merton_timing.py::TestMertonIntervalDefaultProb::test_full_span_returns_pd PASSED [ 81%]
tests/test_merton_timing.py::TestMertonIntervalDefaultProb::test_zero_pd_always_zero PASSED [ 81%]
tests/test_merton_timing.py::TestMertonIntervalDefaultProb::test_consecutive_intervals_sum_to_pd PASSED [ 81%]
tests/test_merton_timing.py::TestMertonIntervalDefaultProb::test_period_before_T_plus_straddling_period_equals_pd PASSED [ 81%]
tests/test_merton_timing.py::TestMertonIntervalDefaultProb::test_t2_less_than_t1_raises PASSED [ 82%]
tests/test_merton_timing.py::TestMertonIntervalDefaultProb::test_nonpositive_T_raises PASSED [ 82%]
tests/test_merton_timing.py::TestMertonIntervalDefaultProb::test_pd_out_of_range_raises PASSED [ 82%]
tests/test_regulatory.py::TestRWA::test_rwa_basic PASSED                 [ 82%]
tests/test_regulatory.py::TestRWA::test_rwa_length_mismatch_raises PASSED [ 82%]
tests/test_regulatory.py::TestRWA::test_rwa_negative_weight_raises PASSED [ 82%]
tests/test_regulatory.py::TestRWA::test_ratio_pass PASSED                [ 83%]
tests/test_regulatory.py::TestRWA::test_ratio_fail PASSED                [ 83%]
tests/test_regulatory.py::TestRWA::test_ratio_zero_rwa_raises PASSED     [ 83%]
tests/test_regulatory.py::TestStress::test_apply_stress_stock_only PASSED [ 83%]
tests/test_regulatory.py::TestStress::test_apply_stress_missing_ticker_ignored PASSED [ 83%]
tests/test_regulatory.py::TestStress::test_apply_stress_zero_V_pre_nan_pct PASSED [ 84%]
tests/test_regulatory.py::TestStress::test_build_equity_shock_map PASSED [ 84%]
tests/test_regulatory.py::TestStress::test_dfast_structure PASSED        [ 84%]
tests/test_regulatory.py::TestRegulatoryService::test_compute_rwa_and_ratio_default_weight PASSED [ 84%]
tests/test_regulatory.py::TestRegulatoryService::test_compute_rwa_and_ratio_zero_rwa PASSED [ 84%]
tests/test_regulatory.py::TestRegulatoryService::test_run_dfast_contains_all_scenarios PASSED [ 84%]
tests/test_regulatory.py::TestRegulatoryService::test_run_custom_stress PASSED [ 85%]
tests/test_strict_numerics.py::TestStrictLognormal::test_long_var_99 PASSED [ 85%]
tests/test_strict_numerics.py::TestStrictLognormal::test_long_es_975 PASSED [ 85%]
tests/test_strict_numerics.py::TestStrictLognormal::test_short_var_99 PASSED [ 85%]
tests/test_strict_numerics.py::TestStrictHazard::test_survival_exact PASSED [ 85%]
tests/test_strict_numerics.py::TestStrictHazard::test_default_density_exact PASSED [ 85%]
tests/test_strict_numerics.py::TestStrictHazard::test_interval_default_prob_exact PASSED [ 86%]
tests/test_strict_numerics.py::TestStrictHazard::test_cumulative_default_prob_exact PASSED [ 86%]
tests/test_strict_numerics.py::TestStrictMerton::test_d1_d2_exact PASSED [ 86%]
tests/test_strict_numerics.py::TestStrictMerton::test_pd_exact PASSED    [ 86%]
tests/test_strict_numerics.py::TestStrictCDS::test_constant_hazard_approx PASSED [ 86%]
tests/test_strict_numerics.py::TestStrictCVA::test_cva_discrete_exact PASSED [ 86%]
tests/test_strict_numerics.py::TestStrictCVA::test_cva_discounted_exact PASSED [ 87%]
tests/test_strict_numerics.py::TestStrictCVA::test_cva_continuous_undiscounted PASSED [ 87%]
tests/test_strict_numerics.py::TestStrictCVA::test_cva_continuous_discounted PASSED [ 87%]
tests/test_strict_numerics.py::TestStrictRWA::test_rwa_exact PASSED      [ 87%]
tests/test_strict_numerics.py::TestStrictRWA::test_capital_ratio_exact PASSED [ 87%]
tests/test_strict_numerics.py::TestStrictNormal::test_normal_var_exact PASSED [ 88%]
tests/test_strict_numerics.py::TestStrictNormal::test_normal_es_exact PASSED [ 88%]
tests/test_ui_panels.py::test_risk_settings_renders PASSED               [ 88%]
tests/test_ui_panels.py::test_risk_settings_ewma PASSED                  [ 88%]
tests/test_ui_panels.py::test_risk_settings_manual_mode PASSED           [ 88%]
tests/test_ui_panels.py::TestValidateOptionRow::test_blank PASSED        [ 88%]
tests/test_ui_panels.py::TestValidateOptionRow::test_nan_blank PASSED    [ 89%]
tests/test_ui_panels.py::TestValidateOptionRow::test_valid PASSED        [ 89%]
tests/test_ui_panels.py::TestValidateOptionRow::test_missing_label PASSED [ 89%]
tests/test_ui_panels.py::TestValidateOptionRow::test_missing_underlying PASSED [ 89%]
tests/test_ui_panels.py::TestValidateOptionRow::test_bad_type PASSED     [ 89%]
tests/test_ui_panels.py::TestValidateOptionRow::test_missing_numeric PASSED [ 89%]
tests/test_ui_panels.py::TestValidateOptionRow::test_nonnumeric PASSED   [ 90%]
tests/test_ui_panels.py::TestValidateOptionRow::test_nonpositive_strike PASSED [ 90%]
tests/test_ui_panels.py::TestValidateOptionRow::test_missing_maturity PASSED [ 90%]
tests/test_ui_panels.py::TestValidateOptionRow::test_bad_maturity PASSED [ 90%]
tests/test_ui_panels.py::TestValidateOptionRow::test_past_maturity PASSED [ 90%]
tests/test_ui_panels.py::test_portfolio_editor_default PASSED            [ 90%]
tests/test_ui_panels.py::test_portfolio_editor_bad_option_row PASSED     [ 91%]
tests/test_ui_panels.py::test_portfolio_editor_nan_qty PASSED            [ 91%]
tests/test_ui_panels.py::test_results_panel_happy PASSED                 [ 91%]
tests/test_ui_panels.py::test_results_panel_zero_pv PASSED               [ 91%]
tests/test_ui_panels.py::test_results_panel_no_losses PASSED             [ 91%]
tests/test_ui_panels.py::test_mdp_no_prices PASSED                       [ 92%]
tests/test_ui_panels.py::test_mdp_with_prices PASSED                     [ 92%]
tests/test_ui_panels.py::test_mdp_many_tickers_ellipsis PASSED           [ 92%]
tests/test_ui_panels.py::test_mdp_csv_mode PASSED                        [ 92%]
tests/test_ui_panels.py::test_mdp_yf_click_success PASSED                [ 92%]
tests/test_ui_panels.py::test_mdp_yf_empty_tickers PASSED                [ 92%]
tests/test_ui_panels.py::test_mdp_yf_uncached_benchmarks PASSED          [ 93%]
tests/test_ui_panels.py::test_mdp_yf_fail PASSED                         [ 93%]
tests/test_ui_panels.py::test_credit_happy PASSED                        [ 93%]
tests/test_ui_panels.py::test_credit_bad_horizons PASSED                 [ 93%]
tests/test_ui_panels.py::test_credit_empty_horizons PASSED               [ 93%]
tests/test_ui_panels.py::test_credit_prefill_no_prices PASSED            [ 93%]
tests/test_ui_panels.py::test_credit_prefill_short PASSED                [ 94%]
tests/test_ui_panels.py::test_credit_prefill_success PASSED              [ 94%]
tests/test_ui_panels.py::test_credit_prefill_rff_fail PASSED             [ 94%]
tests/test_ui_panels.py::test_credit_merton_exception PASSED             [ 94%]
tests/test_ui_panels.py::test_credit_implied_fail PASSED                 [ 94%]
tests/test_ui_panels.py::test_cds_cva_happy PASSED                       [ 94%]
tests/test_ui_panels.py::test_cds_cva_bad_tenors PASSED                  [ 95%]
tests/test_ui_panels.py::test_cds_cva_empty_tenors PASSED                [ 95%]
tests/test_ui_panels.py::test_cds_cva_summary_fails PASSED               [ 95%]
tests/test_ui_panels.py::test_cds_cva_csv_mode PASSED                    [ 95%]
tests/test_ui_panels.py::test_cds_cva_with_exposure PASSED               [ 95%]
tests/test_ui_panels.py::test_cds_cva_mc_no_prices PASSED                [ 96%]
tests/test_ui_panels.py::test_cds_cva_mc_empty_pf PASSED                 [ 96%]
tests/test_ui_panels.py::test_cds_cva_mc_build_fails PASSED              [ 96%]
tests/test_ui_panels.py::test_cds_cva_mc_build_ok PASSED                 [ 96%]
tests/test_ui_panels.py::test_cds_cva_piecewise_fail PASSED              [ 96%]
tests/test_ui_panels.py::test_cds_cva_pv_exception PASSED                [ 96%]
tests/test_ui_panels.py::test_capital_no_prices PASSED                   [ 97%]
tests/test_ui_panels.py::test_capital_empty_portfolio PASSED             [ 97%]
tests/test_ui_panels.py::test_capital_happy PASSED                       [ 97%]
tests/test_ui_panels.py::test_capital_pv_fails PASSED                    [ 97%]
tests/test_ui_panels.py::test_capital_rwa_fails PASSED                   [ 97%]
tests/test_ui_panels.py::test_capital_dfast_click PASSED                 [ 97%]
tests/test_ui_panels.py::test_capital_dfast_fails PASSED                 [ 98%]
tests/test_ui_panels.py::test_capital_custom PASSED                      [ 98%]
tests/test_ui_panels.py::test_capital_custom_fails PASSED                [ 98%]
tests/test_ui_panels.py::test_simulate_epe_direct PASSED                 [ 98%]
tests/test_ui_panels.py::test_simulate_epe_no_underlyings_in_prices PASSED [ 98%]
tests/test_ui_panels.py::test_portfolio_editor_blank_option_row_silent PASSED [ 98%]
tests/test_ui_panels.py::test_mdp_csv_upload_fail PASSED                 [ 99%]
tests/test_ui_panels.py::test_mdp_yf_validation_error PASSED             [ 99%]
tests/test_ui_panels.py::test_cds_cva_csv_upload_good PASSED             [ 99%]
tests/test_ui_panels.py::test_cds_cva_csv_upload_missing_cols PASSED     [ 99%]
tests/test_ui_panels.py::test_mdp_csv_upload_good PASSED                 [ 99%]
tests/test_ui_panels.py::test_cds_cva_csv_upload_parse_fail PASSED       [100%]

=============================== warnings summary ===============================
../../../../../../../../opt/anaconda3/lib/python3.12/site-packages/pandas/core/computation/expressions.py:22
  /opt/anaconda3/lib/python3.12/site-packages/pandas/core/computation/expressions.py:22: UserWarning: Pandas requires version '2.10.2' or newer of 'numexpr' (version '2.8.7' currently installed).
    from pandas.core.computation.check import NUMEXPR_INSTALLED

../../../../../../../../opt/anaconda3/lib/python3.12/site-packages/pandas/core/arrays/masked.py:56
  /opt/anaconda3/lib/python3.12/site-packages/pandas/core/arrays/masked.py:56: UserWarning: Pandas requires version '1.4.2' or newer of 'bottleneck' (version '1.3.7' currently installed).
    from pandas.core import (

../../../../../../../../opt/anaconda3/lib/python3.12/site-packages/google/protobuf/internal/well_known_types.py:91
  /opt/anaconda3/lib/python3.12/site-packages/google/protobuf/internal/well_known_types.py:91: DeprecationWarning: datetime.datetime.utcfromtimestamp() is deprecated and scheduled for removal in a future version. Use timezone-aware objects to represent datetimes in UTC: datetime.datetime.fromtimestamp(timestamp, datetime.UTC).
    _EPOCH_DATETIME_NAIVE = datetime.datetime.utcfromtimestamp(0)

tests/test_ui_panels.py: 99 warnings
  /opt/anaconda3/lib/python3.12/site-packages/altair/utils/schemapi.py:353: DeprecationWarning:
  
  jsonschema.RefResolver is deprecated as of v4.18.0, in favor of the https://github.com/python-jsonschema/referencing library, which provides more compliant referencing behavior as well as more flexible APIs for customization. A future release will remove RefResolver. Please file a feature request (on referencing) if you are missing an API for the kind of customization you need.

tests/test_ui_panels.py: 140 warnings
  /opt/anaconda3/lib/python3.12/site-packages/altair/utils/schemapi.py:118: DeprecationWarning:
  
  jsonschema.RefResolver is deprecated as of v4.18.0, in favor of the https://github.com/python-jsonschema/referencing library, which provides more compliant referencing behavior as well as more flexible APIs for customization. A future release will remove RefResolver. Please file a feature request (on referencing) if you are missing an API for the kind of customization you need.

-- Docs: https://docs.pytest.org/en/stable/how-to/capture-warnings.html
====================== 576 passed, 242 warnings in 14.95s ======================
